This is pdfTeX, Version 3.1415926-2.5-1.40.14 (MiKTeX 2.9) (preloaded format=pdflatex 2016.6.13)  6 JUL 2016 15:31
entering extended mode
**PaperWebsoscket.tex

(C:\Users\Admin\Documents\Repositorios\Articulos\PaperWebsocket\PaperWebsoscket
.tex
LaTeX2e <2011/06/27>
Babel <v3.8m> and hyphenation patterns for english, afrikaans, ancientgreek, ar
abic, armenian, assamese, basque, bengali, bokmal, bulgarian, catalan, coptic, 
croatian, czech, danish, dutch, esperanto, estonian, farsi, finnish, french, ga
lician, german, german-x-2013-05-26, greek, gujarati, hindi, hungarian, iceland
ic, indonesian, interlingua, irish, italian, kannada, kurmanji, latin, latvian,
 lithuanian, malayalam, marathi, mongolian, mongolianlmc, monogreek, ngerman, n
german-x-2013-05-26, nynorsk, oriya, panjabi, pinyin, polish, portuguese, roman
ian, russian, sanskrit, serbian, slovak, slovenian, spanish, swedish, swissgerm
an, tamil, telugu, turkish, turkmen, ukenglish, ukrainian, uppersorbian, usengl
ishmax, welsh, loaded.
("C:\Program Files (x86)\MiKTeX 2.9\tex\latex\ieeetran\IEEEtran.cls"
Document Class: IEEEtran 2015/08/26 V1.8b by Michael Shell
-- See the "IEEEtran_HOWTO" manual for usage information.
-- http://www.michaelshell.org/tex/ieeetran/
\@IEEEtrantmpdimenA=\dimen102
\@IEEEtrantmpdimenB=\dimen103
\@IEEEtrantmpdimenC=\dimen104
\@IEEEtrantmpcountA=\count79
\@IEEEtrantmpcountB=\count80
\@IEEEtrantmpcountC=\count81
\@IEEEtrantmptoksA=\toks14
LaTeX Font Info:    Try loading font information for OT1+ptm on input line 503.

("C:\Program Files (x86)\MiKTeX 2.9\tex\latex\psnfss\ot1ptm.fd"
File: ot1ptm.fd 2001/06/04 font definitions for OT1/ptm.
)
-- Using 8.5in x 11in (letter) paper.
-- Using PDF output.
\@IEEEnormalsizeunitybaselineskip=\dimen105
-- This is a 10 point document.
\CLASSINFOnormalsizebaselineskip=\dimen106
\CLASSINFOnormalsizeunitybaselineskip=\dimen107
\IEEEnormaljot=\dimen108
LaTeX Font Info:    Font shape `OT1/ptm/bx/n' in size <5> not available
(Font)              Font shape `OT1/ptm/b/n' tried instead on input line 1090.
LaTeX Font Info:    Font shape `OT1/ptm/bx/it' in size <5> not available
(Font)              Font shape `OT1/ptm/b/it' tried instead on input line 1090.

LaTeX Font Info:    Font shape `OT1/ptm/bx/n' in size <7> not available
(Font)              Font shape `OT1/ptm/b/n' tried instead on input line 1090.
LaTeX Font Info:    Font shape `OT1/ptm/bx/it' in size <7> not available
(Font)              Font shape `OT1/ptm/b/it' tried instead on input line 1090.

LaTeX Font Info:    Font shape `OT1/ptm/bx/n' in size <8> not available
(Font)              Font shape `OT1/ptm/b/n' tried instead on input line 1090.
LaTeX Font Info:    Font shape `OT1/ptm/bx/it' in size <8> not available
(Font)              Font shape `OT1/ptm/b/it' tried instead on input line 1090.

LaTeX Font Info:    Font shape `OT1/ptm/bx/n' in size <9> not available
(Font)              Font shape `OT1/ptm/b/n' tried instead on input line 1090.
LaTeX Font Info:    Font shape `OT1/ptm/bx/it' in size <9> not available
(Font)              Font shape `OT1/ptm/b/it' tried instead on input line 1090.

LaTeX Font Info:    Font shape `OT1/ptm/bx/n' in size <10> not available
(Font)              Font shape `OT1/ptm/b/n' tried instead on input line 1090.
LaTeX Font Info:    Font shape `OT1/ptm/bx/it' in size <10> not available
(Font)              Font shape `OT1/ptm/b/it' tried instead on input line 1090.

LaTeX Font Info:    Font shape `OT1/ptm/bx/n' in size <11> not available
(Font)              Font shape `OT1/ptm/b/n' tried instead on input line 1090.
LaTeX Font Info:    Font shape `OT1/ptm/bx/it' in size <11> not available
(Font)              Font shape `OT1/ptm/b/it' tried instead on input line 1090.

LaTeX Font Info:    Font shape `OT1/ptm/bx/n' in size <12> not available
(Font)              Font shape `OT1/ptm/b/n' tried instead on input line 1090.
LaTeX Font Info:    Font shape `OT1/ptm/bx/it' in size <12> not available
(Font)              Font shape `OT1/ptm/b/it' tried instead on input line 1090.

LaTeX Font Info:    Font shape `OT1/ptm/bx/n' in size <17> not available
(Font)              Font shape `OT1/ptm/b/n' tried instead on input line 1090.
LaTeX Font Info:    Font shape `OT1/ptm/bx/it' in size <17> not available
(Font)              Font shape `OT1/ptm/b/it' tried instead on input line 1090.

LaTeX Font Info:    Font shape `OT1/ptm/bx/n' in size <20> not available
(Font)              Font shape `OT1/ptm/b/n' tried instead on input line 1090.
LaTeX Font Info:    Font shape `OT1/ptm/bx/it' in size <20> not available
(Font)              Font shape `OT1/ptm/b/it' tried instead on input line 1090.

LaTeX Font Info:    Font shape `OT1/ptm/bx/n' in size <24> not available
(Font)              Font shape `OT1/ptm/b/n' tried instead on input line 1090.
LaTeX Font Info:    Font shape `OT1/ptm/bx/it' in size <24> not available
(Font)              Font shape `OT1/ptm/b/it' tried instead on input line 1090.

\IEEEquantizedlength=\dimen109
\IEEEquantizedlengthdiff=\dimen110
\IEEEquantizedtextheightdiff=\dimen111
\IEEEilabelindentA=\dimen112
\IEEEilabelindentB=\dimen113
\IEEEilabelindent=\dimen114
\IEEEelabelindent=\dimen115
\IEEEdlabelindent=\dimen116
\IEEElabelindent=\dimen117
\IEEEiednormlabelsep=\dimen118
\IEEEiedmathlabelsep=\dimen119
\IEEEiedtopsep=\skip41
\c@section=\count82
\c@subsection=\count83
\c@subsubsection=\count84
\c@paragraph=\count85
\c@IEEEsubequation=\count86
\abovecaptionskip=\skip42
\belowcaptionskip=\skip43
\c@figure=\count87
\c@table=\count88
\@IEEEeqnnumcols=\count89
\@IEEEeqncolcnt=\count90
\@IEEEsubeqnnumrollback=\count91
\@IEEEquantizeheightA=\dimen120
\@IEEEquantizeheightB=\dimen121
\@IEEEquantizeheightC=\dimen122
\@IEEEquantizeprevdepth=\dimen123
\@IEEEquantizemultiple=\count92
\@IEEEquantizeboxA=\box26
\@IEEEtmpitemindent=\dimen124
\IEEEPARstartletwidth=\dimen125
\c@IEEEbiography=\count93
\@IEEEtranrubishbin=\box27
) ("C:\Program Files (x86)\MiKTeX 2.9\tex\latex\base\fontenc.sty"
Package: fontenc 2005/09/27 v1.99g Standard LaTeX package

("C:\Program Files (x86)\MiKTeX 2.9\tex\latex\base\t1enc.def"
File: t1enc.def 2005/09/27 v1.99g Standard LaTeX file
LaTeX Font Info:    Redeclaring font encoding T1 on input line 43.
)
LaTeX Font Info:    Try loading font information for T1+ptm on input line 100.

("C:\Program Files (x86)\MiKTeX 2.9\tex\latex\psnfss\t1ptm.fd"
File: t1ptm.fd 2001/06/04 font definitions for T1/ptm.
))
("C:\Program Files (x86)\MiKTeX 2.9\tex\latex\float\float.sty"
Package: float 2001/11/08 v1.3d Float enhancements (AL)
\c@float@type=\count94
\float@exts=\toks15
\float@box=\box28
\@float@everytoks=\toks16
\@floatcapt=\box29
)
("C:\Program Files (x86)\MiKTeX 2.9\tex\latex\tools\calc.sty"
Package: calc 2007/08/22 v4.3 Infix arithmetic (KKT,FJ)
\calc@Acount=\count95
\calc@Bcount=\count96
\calc@Adimen=\dimen126
\calc@Bdimen=\dimen127
\calc@Askip=\skip44
\calc@Bskip=\skip45
LaTeX Info: Redefining \setlength on input line 76.
LaTeX Info: Redefining \addtolength on input line 77.
\calc@Ccount=\count97
\calc@Cskip=\skip46
)
("C:\Program Files (x86)\MiKTeX 2.9\tex\latex\graphics\graphicx.sty"
Package: graphicx 1999/02/16 v1.0f Enhanced LaTeX Graphics (DPC,SPQR)

("C:\Program Files (x86)\MiKTeX 2.9\tex\latex\graphics\keyval.sty"
Package: keyval 1999/03/16 v1.13 key=value parser (DPC)
\KV@toks@=\toks17
)
("C:\Program Files (x86)\MiKTeX 2.9\tex\latex\graphics\graphics.sty"
Package: graphics 2009/02/05 v1.0o Standard LaTeX Graphics (DPC,SPQR)

("C:\Program Files (x86)\MiKTeX 2.9\tex\latex\graphics\trig.sty"
Package: trig 1999/03/16 v1.09 sin cos tan (DPC)
)
("C:\Program Files (x86)\MiKTeX 2.9\tex\latex\00miktex\graphics.cfg"
File: graphics.cfg 2007/01/18 v1.5 graphics configuration of teTeX/TeXLive
)
Package graphics Info: Driver file: pdftex.def on input line 91.

("C:\Program Files (x86)\MiKTeX 2.9\tex\latex\pdftex-def\pdftex.def"
File: pdftex.def 2011/05/27 v0.06d Graphics/color for pdfTeX

("C:\Program Files (x86)\MiKTeX 2.9\tex\generic\oberdiek\infwarerr.sty"
Package: infwarerr 2010/04/08 v1.3 Providing info/warning/error messages (HO)
)
("C:\Program Files (x86)\MiKTeX 2.9\tex\generic\oberdiek\ltxcmds.sty"
Package: ltxcmds 2011/11/09 v1.22 LaTeX kernel commands for general use (HO)
)
\Gread@gobject=\count98
))
\Gin@req@height=\dimen128
\Gin@req@width=\dimen129
)
("C:\Program Files (x86)\MiKTeX 2.9\tex\latex\hyperref\hyperref.sty"
Package: hyperref 2012/11/06 v6.83m Hypertext links for LaTeX

("C:\Program Files (x86)\MiKTeX 2.9\tex\generic\oberdiek\hobsub-hyperref.sty"
Package: hobsub-hyperref 2012/04/25 v1.12 Bundle oberdiek, subset hyperref (HO)


("C:\Program Files (x86)\MiKTeX 2.9\tex\generic\oberdiek\hobsub-generic.sty"
Package: hobsub-generic 2012/04/25 v1.12 Bundle oberdiek, subset generic (HO)
Package: hobsub 2012/04/25 v1.12 Construct package bundles (HO)
Package hobsub Info: Skipping package `infwarerr' (already loaded).
Package hobsub Info: Skipping package `ltxcmds' (already loaded).
Package: ifluatex 2010/03/01 v1.3 Provides the ifluatex switch (HO)
Package ifluatex Info: LuaTeX not detected.
Package: ifvtex 2010/03/01 v1.5 Detect VTeX and its facilities (HO)
Package ifvtex Info: VTeX not detected.
Package: intcalc 2007/09/27 v1.1 Expandable calculations with integers (HO)
Package: ifpdf 2011/01/30 v2.3 Provides the ifpdf switch (HO)
Package ifpdf Info: pdfTeX in PDF mode is detected.
Package: etexcmds 2011/02/16 v1.5 Avoid name clashes with e-TeX commands (HO)
Package etexcmds Info: Could not find \expanded.
(etexcmds)             That can mean that you are not using pdfTeX 1.50 or
(etexcmds)             that some package has redefined \expanded.
(etexcmds)             In the latter case, load this package earlier.
Package: kvsetkeys 2012/04/25 v1.16 Key value parser (HO)
Package: kvdefinekeys 2011/04/07 v1.3 Define keys (HO)
Package: pdftexcmds 2011/11/29 v0.20 Utility functions of pdfTeX for LuaTeX (HO
)
Package pdftexcmds Info: LuaTeX not detected.
Package pdftexcmds Info: \pdf@primitive is available.
Package pdftexcmds Info: \pdf@ifprimitive is available.
Package pdftexcmds Info: \pdfdraftmode found.
Package: pdfescape 2011/11/25 v1.13 Implements pdfTeX's escape features (HO)
Package: bigintcalc 2012/04/08 v1.3 Expandable calculations on big integers (HO
)
Package: bitset 2011/01/30 v1.1 Handle bit-vector datatype (HO)
Package: uniquecounter 2011/01/30 v1.2 Provide unlimited unique counter (HO)
)
Package hobsub Info: Skipping package `hobsub' (already loaded).
Package: letltxmacro 2010/09/02 v1.4 Let assignment for LaTeX macros (HO)
Package: hopatch 2011/06/24 v1.1 Wrapper for package hooks (HO)
Package: xcolor-patch 2011/01/30 xcolor patch
Package: atveryend 2011/06/30 v1.8 Hooks at the very end of document (HO)
Package atveryend Info: \enddocument detected (standard20110627).
Package: atbegshi 2011/10/05 v1.16 At begin shipout hook (HO)
Package: refcount 2011/10/16 v3.4 Data extraction from label references (HO)
Package: hycolor 2011/01/30 v1.7 Color options for hyperref/bookmark (HO)
)
("C:\Program Files (x86)\MiKTeX 2.9\tex\generic\ifxetex\ifxetex.sty"
Package: ifxetex 2010/09/12 v0.6 Provides ifxetex conditional
)
("C:\Program Files (x86)\MiKTeX 2.9\tex\latex\oberdiek\auxhook.sty"
Package: auxhook 2011/03/04 v1.3 Hooks for auxiliary files (HO)
)
("C:\Program Files (x86)\MiKTeX 2.9\tex\latex\oberdiek\kvoptions.sty"
Package: kvoptions 2011/06/30 v3.11 Key value format for package options (HO)
)
\@linkdim=\dimen130
\Hy@linkcounter=\count99
\Hy@pagecounter=\count100

("C:\Program Files (x86)\MiKTeX 2.9\tex\latex\hyperref\pd1enc.def"
File: pd1enc.def 2012/11/06 v6.83m Hyperref: PDFDocEncoding definition (HO)
)
\Hy@SavedSpaceFactor=\count101

("C:\Program Files (x86)\MiKTeX 2.9\tex\latex\00miktex\hyperref.cfg"
File: hyperref.cfg 2002/06/06 v1.2 hyperref configuration of TeXLive
)
Package hyperref Info: Option `unicode' set `true' on input line 4319.

("C:\Program Files (x86)\MiKTeX 2.9\tex\latex\hyperref\puenc.def"
File: puenc.def 2012/11/06 v6.83m Hyperref: PDF Unicode definition (HO)
)
Package hyperref Info: Option `bookmarks' set `true' on input line 4319.
Package hyperref Info: Option `bookmarksnumbered' set `true' on input line 4319
.
Package hyperref Info: Option `bookmarksopen' set `true' on input line 4319.
Package hyperref Info: Option `breaklinks' set `false' on input line 4319.
Package hyperref Info: Option `colorlinks' set `false' on input line 4319.
Package hyperref Info: Hyper figures OFF on input line 4443.
Package hyperref Info: Link nesting OFF on input line 4448.
Package hyperref Info: Hyper index ON on input line 4451.
Package hyperref Info: Plain pages OFF on input line 4458.
Package hyperref Info: Backreferencing OFF on input line 4463.
Package hyperref Info: Implicit mode ON; LaTeX internals redefined.
Package hyperref Info: Bookmarks ON on input line 4688.
\c@Hy@tempcnt=\count102

("C:\Program Files (x86)\MiKTeX 2.9\tex\latex\url\url.sty"
\Urlmuskip=\muskip10
Package: url 2013/09/16  ver 3.4  Verb mode for urls, etc.
)
LaTeX Info: Redefining \url on input line 5041.
\XeTeXLinkMargin=\dimen131
\Fld@menulength=\count103
\Field@Width=\dimen132
\Fld@charsize=\dimen133
Package hyperref Info: Hyper figures OFF on input line 6295.
Package hyperref Info: Link nesting OFF on input line 6300.
Package hyperref Info: Hyper index ON on input line 6303.
Package hyperref Info: backreferencing OFF on input line 6310.
Package hyperref Info: Link coloring OFF on input line 6315.
Package hyperref Info: Link coloring with OCG OFF on input line 6320.
Package hyperref Info: PDF/A mode OFF on input line 6325.
LaTeX Info: Redefining \ref on input line 6365.
LaTeX Info: Redefining \pageref on input line 6369.
\Hy@abspage=\count104
\c@Item=\count105
\c@Hfootnote=\count106
)

Package hyperref Message: Driver (autodetected): hpdftex.

("C:\Program Files (x86)\MiKTeX 2.9\tex\latex\hyperref\hpdftex.def"
File: hpdftex.def 2012/11/06 v6.83m Hyperref driver for pdfTeX
\Fld@listcount=\count107
\c@bookmark@seq@number=\count108

("C:\Program Files (x86)\MiKTeX 2.9\tex\latex\oberdiek\rerunfilecheck.sty"
Package: rerunfilecheck 2011/04/15 v1.7 Rerun checks for auxiliary files (HO)
Package uniquecounter Info: New unique counter `rerunfilecheck' on input line 2
82.
)
\Hy@SectionHShift=\skip47
)
Package hyperref Info: Option `pdfnewwindow' set `true' on input line 14.
Package hyperref Info: Option `plainpages' set `false' on input line 14.

("C:\Program Files (x86)\MiKTeX 2.9\tex\latex\subfig\subfig.sty"
Package: subfig 2005/06/28 ver: 1.3 subfig package

("C:\Program Files (x86)\MiKTeX 2.9\tex\latex\caption\caption3.sty"
Package: caption3 2016/05/22 v1.7-166 caption3 kernel (AR)
Package caption3 Info: TeX engine: e-TeX on input line 67.
\captionmargin=\dimen134
\captionmargin@=\dimen135
\captionwidth=\dimen136
\caption@tempdima=\dimen137
\caption@indent=\dimen138
\caption@parindent=\dimen139
\caption@hangindent=\dimen140
Package caption Info: Unknown document class (or package),
(caption)             standard defaults will be used.
)
\c@KVtest=\count109
\sf@farskip=\skip48
\sf@captopadj=\dimen141
\sf@capskip=\skip49
\sf@nearskip=\skip50
\c@subfigure=\count110
\c@subfigure@save=\count111
\c@lofdepth=\count112
\c@subtable=\count113
\c@subtable@save=\count114
\c@lotdepth=\count115
\sf@top=\skip51
\sf@bottom=\skip52
)
(C:\Users\Admin\Documents\Repositorios\Articulos\PaperWebsocket\PaperWebsoscket
.aux)
LaTeX Font Info:    Checking defaults for OML/cmm/m/it on input line 23.
LaTeX Font Info:    ... okay on input line 23.
LaTeX Font Info:    Checking defaults for T1/cmr/m/n on input line 23.
LaTeX Font Info:    ... okay on input line 23.
LaTeX Font Info:    Checking defaults for OT1/cmr/m/n on input line 23.
LaTeX Font Info:    ... okay on input line 23.
LaTeX Font Info:    Checking defaults for OMS/cmsy/m/n on input line 23.
LaTeX Font Info:    ... okay on input line 23.
LaTeX Font Info:    Checking defaults for OMX/cmex/m/n on input line 23.
LaTeX Font Info:    ... okay on input line 23.
LaTeX Font Info:    Checking defaults for U/cmr/m/n on input line 23.
LaTeX Font Info:    ... okay on input line 23.
LaTeX Font Info:    Checking defaults for PD1/pdf/m/n on input line 23.
LaTeX Font Info:    ... okay on input line 23.
LaTeX Font Info:    Checking defaults for PU/pdf/m/n on input line 23.
LaTeX Font Info:    ... okay on input line 23.
LaTeX Font Info:    Font shape `T1/ptm/bx/n' in size <5> not available
(Font)              Font shape `T1/ptm/b/n' tried instead on input line 23.
LaTeX Font Info:    Font shape `T1/ptm/bx/it' in size <5> not available
(Font)              Font shape `T1/ptm/b/it' tried instead on input line 23.
LaTeX Font Info:    Font shape `T1/ptm/bx/n' in size <7> not available
(Font)              Font shape `T1/ptm/b/n' tried instead on input line 23.
LaTeX Font Info:    Font shape `T1/ptm/bx/it' in size <7> not available
(Font)              Font shape `T1/ptm/b/it' tried instead on input line 23.
LaTeX Font Info:    Font shape `T1/ptm/bx/n' in size <8> not available
(Font)              Font shape `T1/ptm/b/n' tried instead on input line 23.
LaTeX Font Info:    Font shape `T1/ptm/bx/it' in size <8> not available
(Font)              Font shape `T1/ptm/b/it' tried instead on input line 23.
LaTeX Font Info:    Font shape `T1/ptm/bx/n' in size <9> not available
(Font)              Font shape `T1/ptm/b/n' tried instead on input line 23.
LaTeX Font Info:    Font shape `T1/ptm/bx/it' in size <9> not available
(Font)              Font shape `T1/ptm/b/it' tried instead on input line 23.
LaTeX Font Info:    Font shape `T1/ptm/bx/n' in size <10> not available
(Font)              Font shape `T1/ptm/b/n' tried instead on input line 23.
LaTeX Font Info:    Font shape `T1/ptm/bx/it' in size <10> not available
(Font)              Font shape `T1/ptm/b/it' tried instead on input line 23.
LaTeX Font Info:    Font shape `T1/ptm/bx/n' in size <11> not available
(Font)              Font shape `T1/ptm/b/n' tried instead on input line 23.
LaTeX Font Info:    Font shape `T1/ptm/bx/it' in size <11> not available
(Font)              Font shape `T1/ptm/b/it' tried instead on input line 23.
LaTeX Font Info:    Font shape `T1/ptm/bx/n' in size <12> not available
(Font)              Font shape `T1/ptm/b/n' tried instead on input line 23.
LaTeX Font Info:    Font shape `T1/ptm/bx/it' in size <12> not available
(Font)              Font shape `T1/ptm/b/it' tried instead on input line 23.
LaTeX Font Info:    Font shape `T1/ptm/bx/n' in size <17> not available
(Font)              Font shape `T1/ptm/b/n' tried instead on input line 23.
LaTeX Font Info:    Font shape `T1/ptm/bx/it' in size <17> not available
(Font)              Font shape `T1/ptm/b/it' tried instead on input line 23.
LaTeX Font Info:    Font shape `T1/ptm/bx/n' in size <20> not available
(Font)              Font shape `T1/ptm/b/n' tried instead on input line 23.
LaTeX Font Info:    Font shape `T1/ptm/bx/it' in size <20> not available
(Font)              Font shape `T1/ptm/b/it' tried instead on input line 23.
LaTeX Font Info:    Font shape `T1/ptm/bx/n' in size <24> not available
(Font)              Font shape `T1/ptm/b/n' tried instead on input line 23.
LaTeX Font Info:    Font shape `T1/ptm/bx/it' in size <24> not available
(Font)              Font shape `T1/ptm/b/it' tried instead on input line 23.

-- Lines per column: 56 (exact).
("C:\Program Files (x86)\MiKTeX 2.9\tex\context\base\supp-pdf.mkii"
[Loading MPS to PDF converter (version 2006.09.02).]
\scratchcounter=\count116
\scratchdimen=\dimen142
\scratchbox=\box30
\nofMPsegments=\count117
\nofMParguments=\count118
\everyMPshowfont=\toks18
\MPscratchCnt=\count119
\MPscratchDim=\dimen143
\MPnumerator=\count120
\makeMPintoPDFobject=\count121
\everyMPtoPDFconversion=\toks19
)
\AtBeginShipoutBox=\box31
Package hyperref Info: Link coloring OFF on input line 23.
 ("C:\Program Files (x86)\MiKTeX 2.9\tex\latex\hyperref\nameref.sty"
Package: nameref 2012/10/27 v2.43 Cross-referencing by name of section

("C:\Program Files (x86)\MiKTeX 2.9\tex\generic\oberdiek\gettitlestring.sty"
Package: gettitlestring 2010/12/03 v1.4 Cleanup title references (HO)
)
\c@section@level=\count122
)
LaTeX Info: Redefining \ref on input line 23.
LaTeX Info: Redefining \pageref on input line 23.
LaTeX Info: Redefining \nameref on input line 23.

(C:\Users\Admin\Documents\Repositorios\Articulos\PaperWebsocket\PaperWebsoscket
.out)
(C:\Users\Admin\Documents\Repositorios\Articulos\PaperWebsocket\PaperWebsoscket
.out)
\@outlinefile=\write3
Package caption Info: Begin \AtBeginDocument code.
Package caption Info: subfig package v1.3 is loaded.
Package caption Info: End \AtBeginDocument code.
LaTeX Font Info:    Calculating math sizes for size <11> on input line 47.
LaTeX Font Info:    External font `cmex10' loaded for size
(Font)              <11> on input line 47.
LaTeX Font Info:    External font `cmex10' loaded for size
(Font)              <7.69997> on input line 47.
LaTeX Font Info:    External font `cmex10' loaded for size
(Font)              <5.5> on input line 47.
LaTeX Font Info:    External font `cmex10' loaded for size
(Font)              <8> on input line 47.
LaTeX Font Info:    External font `cmex10' loaded for size
(Font)              <6> on input line 47.
LaTeX Font Info:    External font `cmex10' loaded for size
(Font)              <5> on input line 47.
LaTeX Font Info:    External font `cmex10' loaded for size
(Font)              <7> on input line 47.
 <"comunicacion full".png, id=76, 368.87813pt x 159.59625pt>
File: "comunicacion full".png Graphic file (type png)

<use "comunicacion full".png>
Package pdftex.def Info: "comunicacion full".png used on input line 73.
(pdftex.def)             Requested size: 227.62137pt x 113.8109pt.
 [1{C:/ProgramData/MiKTeX/2.9/pdftex/config/pdftex.map}


 <C:/Users/Admin/Documents/Repositorios/Articulos/PaperWebsocket/comunicacion f
ull.png>]

Package hyperref Warning: Difference (2) between bookmark levels is greater 
(hyperref)                than one, level fixed on input line 125.

<esquemaPolling.jpg, id=94, 419.31656pt x 203.25937pt>
File: esquemaPolling.jpg Graphic file (type jpg)

<use esquemaPolling.jpg>
Package pdftex.def Info: esquemaPolling.jpg used on input line 136.
(pdftex.def)             Requested size: 170.71162pt x 85.35594pt.
 <esquemaRest.jpg, id=98, 440.39531pt x 275.52937pt>
File: esquemaRest.jpg Graphic file (type jpg)

<use esquemaRest.jpg>
Package pdftex.def Info: esquemaRest.jpg used on input line 180.
(pdftex.def)             Requested size: 227.62257pt x 113.81282pt.
 <esquemaWebsocket.jpg, id=100, 427.5975pt x 207.02344pt>
File: esquemaWebsocket.jpg Graphic file (type jpg)

<use esquemaWebsocket.jpg>
Package pdftex.def Info: esquemaWebsocket.jpg used on input line 197.
(pdftex.def)             Requested size: 170.71626pt x 85.3603pt.

<websocket-polling.jpg, id=101, 531.48563pt x 368.1253pt>
File: websocket-polling.jpg Graphic file (type jpg)

<use websocket-polling.jpg>
Package pdftex.def Info: websocket-polling.jpg used on input line 213.
(pdftex.def)             Requested size: 227.62607pt x 170.72151pt.
 [2 <C:/Users/Admin/Documents/Repositorios/Articulos/PaperWebsocket/esquemaPoll
ing.jpg> <C:/Users/Admin/Documents/Repositorios/Articulos/PaperWebsocket/esquem
aRest.jpg> <C:/Users/Admin/Documents/Repositorios/Articulos/PaperWebsocket/esqu
emaWebsocket.jpg>]
<websocket-rest.jpg, id=115, 514.92375pt x 263.48438pt>
File: websocket-rest.jpg Graphic file (type jpg)

<use websocket-rest.jpg>
Package pdftex.def Info: websocket-rest.jpg used on input line 227.
(pdftex.def)             Requested size: 227.62pt x 142.2714pt.

Underfull \hbox (badness 1796) in paragraph at lines 263--271
[]\T1/ptm/m/n/10 Modelo Vista Pre-sen-ta-dor: El Pa-trón Modelo-Vista-
 []

<esquema-servidor.jpg, id=122, 472.01344pt x 361.35pt>
File: esquema-servidor.jpg Graphic file (type jpg)

<use esquema-servidor.jpg>
Package pdftex.def Info: esquema-servidor.jpg used on input line 302.
(pdftex.def)             Requested size: 170.71696pt x 170.71672pt.
 [3 <C:/Users/Admin/Documents/Repositorios/Articulos/PaperWebsocket/websocket-p
olling.jpg> <C:/Users/Admin/Documents/Repositorios/Articulos/PaperWebsocket/web
socket-rest.jpg>]
Underfull \hbox (badness 10000) in paragraph at lines 338--339
[]\T1/ptm/m/n/10 return $this->socket->wsStartServer
 []

<esquema-cliente.jpg, id=136, 329.73187pt x 332.74312pt>
File: esquema-cliente.jpg Graphic file (type jpg)

<use esquema-cliente.jpg>
Package pdftex.def Info: esquema-cliente.jpg used on input line 357.
(pdftex.def)             Requested size: 170.72194pt x 170.71725pt.

Underfull \vbox (badness 1406) has occurred while \output is active []


Underfull \hbox (badness 10000) in paragraph at lines 367--368
[]\T1/ptm/m/n/10 Server = new Fan-cy-Web-
 []

<websocket-rest-polling.png, id=137, 440.39531pt x 256.70906pt>
File: websocket-rest-polling.png Graphic file (type png)

<use websocket-rest-polling.png>
Package pdftex.def Info: websocket-rest-polling.png used on input line 404.
(pdftex.def)             Requested size: 256.08128pt x 142.26369pt.

Overfull \hbox (4.08128pt too wide) in paragraph at lines 404--404
 [][] 
 []

[4 <C:/Users/Admin/Documents/Repositorios/Articulos/PaperWebsocket/esquema-serv
idor.jpg> <C:/Users/Admin/Documents/Repositorios/Articulos/PaperWebsocket/esque
ma-cliente.jpg> <C:/Users/Admin/Documents/Repositorios/Articulos/PaperWebsocket
/websocket-rest-polling.png>]
<"paquetes Enviados-recibidos".png, id=148, 482.55281pt x 272.51813pt>
File: "paquetes Enviados-recibidos".png Graphic file (type png)

<use "paquetes Enviados-recibidos".png>
Package pdftex.def Info: "paquetes Enviados-recibidos".png used on input line 4
16.
(pdftex.def)             Requested size: 256.0831pt x 142.26329pt.

Overfull \hbox (4.0831pt too wide) in paragraph at lines 416--416
 [][] 
 []

<comunicacion-clientes-servidor.jpg, id=149, 308.65312pt x 243.91125pt>
File: comunicacion-clientes-servidor.jpg Graphic file (type jpg)

<use comunicacion-clientes-servidor.jpg>
Package pdftex.def Info: comunicacion-clientes-servidor.jpg used on input line 
439.
(pdftex.def)             Requested size: 170.7205pt x 142.26508pt.

<clienteWeb.jpg, id=150, 1204.5pt x 677.53125pt>
File: clienteWeb.jpg Graphic file (type jpg)
 <use clienteWeb.jpg>
Package pdftex.def Info: clienteWeb.jpg used on input line 454.
(pdftex.def)             Requested size: 199.15665pt x 142.26508pt.

<identificacion.jpg, id=151, 657.2053pt x 292.09125pt>
File: identificacion.jpg Graphic file (type jpg)

<use identificacion.jpg>
Package pdftex.def Info: identificacion.jpg used on input line 473.
(pdftex.def)             Requested size: 227.61855pt x 113.8126pt.

Underfull \hbox (badness 1400) in paragraph at lines 480--481
[]\T1/ptm/m/n/10 Los men-sajes lle-gan al servi-dor iden-ti-f-i-cando {"ca-
 []

<redireccionamieto.jpg, id=152, 657.2053pt x 292.09125pt>
File: redireccionamieto.jpg Graphic file (type jpg)

<use redireccionamieto.jpg>
Package pdftex.def Info: redireccionamieto.jpg used on input line 489.
(pdftex.def)             Requested size: 227.61855pt x 113.8126pt.
 [5 <C:/Users/Admin/Documents/Repositorios/Articulos/PaperWebsocket/paquetes En
viados-recibidos.png> <C:/Users/Admin/Documents/Repositorios/Articulos/PaperWeb
socket/comunicacion-clientes-servidor.jpg> <C:/Users/Admin/Documents/Repositori
os/Articulos/PaperWebsocket/clienteWeb.jpg> <C:/Users/Admin/Documents/Repositor
ios/Articulos/PaperWebsocket/identificacion.jpg> <C:/Users/Admin/Documents/Repo
sitorios/Articulos/PaperWebsocket/redireccionamieto.jpg>]
(C:\Users\Admin\Documents\Repositorios\Articulos\PaperWebsocket\PaperWebsoscket
.bbl)
** WARNING: \IEEEbiography is locked out when in conference mode (line 528).
** WARNING: \IEEEbiographynophoto is locked out when in conference mode (line 5
33).

** Conference Paper **
Before submitting the final camera ready copy, remember to:

 1. Manually equalize the lengths of two columns on the last page
 of your paper;

 2. Ensure that any PostScript and/or PDF output post-processing
 uses only Type 1 fonts and that every step in the generation
 process uses the appropriate paper size.

Package atveryend Info: Empty hook `BeforeClearDocument' on input line 537.
[6

]
Package atveryend Info: Empty hook `AfterLastShipout' on input line 537.

(C:\Users\Admin\Documents\Repositorios\Articulos\PaperWebsocket\PaperWebsoscket
.aux)
Package atveryend Info: Executing hook `AtVeryEndDocument' on input line 537.
Package atveryend Info: Executing hook `AtEndAfterFileList' on input line 537.
Package rerunfilecheck Info: File `PaperWebsoscket.out' has not changed.
(rerunfilecheck)             Checksum: 380E506A3DFBB1568147B68C8790F991;3286.
Package atveryend Info: Empty hook `AtVeryVeryEnd' on input line 537.
 ) 
Here is how much of TeX's memory you used:
 10264 strings out of 493921
 153072 string characters out of 3144876
 216732 words of memory out of 3000000
 13440 multiletter control sequences out of 15000+200000
 110365 words of font info for 114 fonts, out of 3000000 for 9000
 841 hyphenation exceptions out of 8191
 36i,11n,38p,458b,404s stack positions out of 5000i,500n,10000p,200000b,50000s
{C:/Program Files (x86)/MiKTeX 2.9/fonts/enc/dvips/fontname/8r.enc}<C:/Progra
m Files (x86)/MiKTeX 2.9/fonts/type1/public/amsfonts/cm/cmsy7.pfb><C:/Program F
iles (x86)/MiKTeX 2.9/fonts/type1/public/amsfonts/cm/cmsy8.pfb><C:/Program File
s (x86)/MiKTeX 2.9/fonts/type1/urw/times/utmb8a.pfb><C:/Program Files (x86)/MiK
TeX 2.9/fonts/type1/urw/times/utmbi8a.pfb><C:/Program Files (x86)/MiKTeX 2.9/fo
nts/type1/urw/times/utmr8a.pfb><C:/Program Files (x86)/MiKTeX 2.9/fonts/type1/u
rw/times/utmri8a.pfb>
Output written on PaperWebsoscket.pdf (6 pages, 667756 bytes).
PDF statistics:
 205 PDF objects out of 1000 (max. 8388607)
 54 named destinations out of 1000 (max. 500000)
 215 words of extra memory for PDF output out of 10000 (max. 10000000)

